2024-05-12T20:36:46.240Z: Start log message
2024-05-12T20:37:33.874Z: User "NataliaShilaeva" was authenticated
2024-05-12T20:37:47.432Z: User "NataliaShilaeva" balance is 40,00$
2024-05-13T07:12:16.482Z: Start log message
2024-05-13T07:16:54.669Z: User "IvanIvanov" was registered
2024-05-13T07:18:12.651Z: User "IvanIvanov" was authenticated
2024-05-13T07:20:17.200Z: User "IvanIvanov" created a bank account
2024-05-13T07:20:23.140Z: User "IvanIvanov" balance is 0,00$
2024-05-13T07:20:41.290Z: User "IvanIvanov" put 1000,00$
2024-05-13T07:20:46.519Z: User "IvanIvanov" balance is 1000,00$
2024-05-13T07:21:32.019Z: User "IvanIvanov" withdraw 100,00$
2024-05-13T07:21:39.776Z: User "IvanIvanov" balance is 900,00$
2024-05-13T07:22:06.870Z: User "IvanIvanov" was sent 500,00$ to the user "NataliaShilaeva"
2024-05-13T07:22:12.810Z: User "IvanIvanov" balance is 400,00$
2024-05-13T07:22:33.780Z: User "NataliaShilaeva" was authenticated
2024-05-13T07:22:52.794Z: User "NataliaShilaeva" balance is 540,00$
2024-05-13T12:55:01.572Z: Start log message
2024-05-13T12:55:32.691Z: User "NataliaShilaeva" was authenticated
2024-05-13T12:55:47.133Z: User "NataliaShilaeva" balance is 540,00$
2024-05-13T13:25:31.323Z: Start log message
2024-05-13T13:25:52.382Z: User "NataliaShilaeva" balance is 540,00$
2024-05-13T13:27:39.314Z: User "NadezhdaShilaeva" was authenticated
2024-05-13T13:28:03.909Z: User "NadezhdaShilaeva" balance is 40,00$
2024-05-13T13:28:38.644Z: User "NadezhdaShilaeva" balance is 40,00$
2024-05-13T13:59:08.595Z: Start log message
2024-05-13T13:59:17.440Z: User "NadezhdaShilaeva" was authenticated
2024-05-13T13:59:29.478Z: User "NadezhdaShilaeva" balance is 40,00$
2024-05-13T14:00:54.144Z: Start log message
2024-05-13T14:00:58.772Z: User "NadezhdaShilaeva" was authenticated
2024-05-13T14:01:09.681Z: User "NadezhdaShilaeva" balance is 40,00$
2024-05-13T14:02:05.204Z: Start log message
2024-05-13T14:02:10.045Z: User "NadezhdaShilaeva" was authenticated
2024-05-13T14:04:32.449Z: Start log message
2024-05-13T14:04:39.141Z: User "NadezhdaShilaeva" was authenticated
2024-05-13T14:05:03.999Z: User "NadezhdaShilaeva" balance is 40,00$
